<?xml version="1.0" encoding="UTF-8"?>
<!-- Generated by org.testng.reporters.JUnitXMLReporter -->
<testsuite ignored="0" hostname="Kundan" failures="0" tests="10" name="Accounts Page Test" time="0.533" errors="0" timestamp="2024-09-23T15:03:24 IST">
  <testcase classname="com.qa.opencart.tests.AccountsPageTest" name="accPageHeadersCountTest" time="0.0">
    <skipped/>
  </testcase> <!-- accPageHeadersCountTest -->
  <testcase classname="com.qa.opencart.tests.AccountsPageTest" name="accPageHeadersTest" time="0.0">
    <skipped/>
  </testcase> <!-- accPageHeadersTest -->
  <testcase classname="com.qa.opencart.tests.AccountsPageTest" name="accPageTitleTest" time="0.0">
    <skipped/>
  </testcase> <!-- accPageTitleTest -->
  <testcase classname="com.qa.opencart.tests.AccountsPageTest" name="isLogoutLinkExistTest" time="0.0">
    <skipped/>
  </testcase> <!-- isLogoutLinkExistTest -->
  <testcase classname="com.qa.opencart.tests.AccountsPageTest" name="searchCountTest" time="0.0">
    <skipped/>
  </testcase> <!-- searchCountTest -->
  <testcase classname="com.qa.opencart.tests.AccountsPageTest" name="searchCountTest" time="0.0">
    <skipped/>
  </testcase> <!-- searchCountTest -->
  <testcase classname="com.qa.opencart.tests.AccountsPageTest" name="searchCountTest" time="0.0">
    <skipped/>
  </testcase> <!-- searchCountTest -->
  <testcase classname="com.qa.opencart.tests.AccountsPageTest" name="searchTest" time="0.0">
    <skipped/>
  </testcase> <!-- searchTest -->
  <testcase classname="com.qa.opencart.tests.AccountsPageTest" name="searchTest" time="0.0">
    <skipped/>
  </testcase> <!-- searchTest -->
  <testcase classname="com.qa.opencart.tests.AccountsPageTest" name="searchTest" time="0.0">
    <skipped/>
  </testcase> <!-- searchTest -->
</testsuite> <!-- Accounts Page Test -->
