<?xml version="1.0" encoding="UTF-8"?>
<!-- Generated by org.testng.reporters.JUnitXMLReporter -->
<testsuite ignored="0" hostname="Kundan" failures="0" tests="3" name="RegisterPageTest Page Test" time="19.134" errors="0" timestamp="2024-09-20T20:40:28 IST">
  <testcase classname="com.qa.opencart.tests.RegisterPageTest" name="userRegisterTest" time="3.852"/>
  <testcase classname="com.qa.opencart.tests.RegisterPageTest" name="userRegisterTest" time="3.609"/>
  <testcase classname="com.qa.opencart.tests.RegisterPageTest" name="userRegisterTest" time="3.366"/>
</testsuite> <!-- RegisterPageTest Page Test -->
